TN:
SF:/home/user/Рабочий стол/js/loftschool/dz02/src/index.js
FN:12,isAllTrue
FN:37,isSomeTrue
FN:60,returnBadArguments
FN:93,calculator
FN:99,(anonymous_4)
FN:105,(anonymous_5)
FN:111,(anonymous_6)
FN:122,(anonymous_7)
FNF:8
FNH:8
FNDA:5,isAllTrue
FNDA:4,isSomeTrue
FNDA:4,returnBadArguments
FNDA:8,calculator
FNDA:2,(anonymous_4)
FNDA:1,(anonymous_5)
FNDA:2,(anonymous_6)
FNDA:1,(anonymous_7)
DA:13,5
DA:14,2
DA:17,3
DA:18,1
DA:21,2
DA:22,2
DA:25,0
DA:38,4
DA:39,2
DA:42,2
DA:43,1
DA:46,1
DA:47,1
DA:49,0
DA:61,4
DA:62,1
DA:65,3
DA:66,3
DA:67,25
DA:68,25
DA:69,7
DA:72,15
DA:76,3
DA:94,8
DA:95,1
DA:98,7
DA:100,2
DA:101,16
DA:103,2
DA:106,1
DA:107,4
DA:109,1
DA:113,2
DA:114,15
DA:115,1
DA:117,14
DA:118,14
DA:120,1
DA:124,1
DA:125,5
DA:126,5
DA:128,1
DA:132,7
LF:43
LH:41
BRDA:13,0,0,2
BRDA:13,0,1,3
BRDA:17,1,0,1
BRDA:17,1,1,2
BRDA:21,2,0,2
BRDA:21,2,1,0
BRDA:38,3,0,2
BRDA:38,3,1,2
BRDA:42,4,0,1
BRDA:42,4,1,1
BRDA:46,5,0,1
BRDA:46,5,1,0
BRDA:61,6,0,1
BRDA:61,6,1,3
BRDA:68,7,0,7
BRDA:68,7,1,10
BRDA:93,8,0,2
BRDA:94,9,0,1
BRDA:94,9,1,7
BRDA:114,10,0,1
BRDA:114,10,1,14
BRF:21
BRH:19
end_of_record
